This file contains any messages produced by compilers while
running configure, to aid debugging if configure makes a mistake.

It was created by radx configure 1.0, which was
generated by GNU Autoconf 2.69.  Invocation command line was

  $ ./configure --with-hdf5=/home/sugar/Developer/radx_build_gcc --with-netcdf=/home/sugar/Developer/radx_build_gcc --prefix=/home/sugar/Developer/radx_build_gcc

## --------- ##
## Platform. ##
## --------- ##

hostname = striges-arch
uname -m = x86_64
uname -r = 4.7.6-1-ARCH
uname -s = Linux
uname -v = #1 SMP PREEMPT Fri Sep 30 19:28:42 CEST 2016

/usr/bin/uname -p = unknown
/bin/uname -X     = unknown

/bin/arch              = unknown
/usr/bin/arch -k       = unknown
/usr/convex/getsysinfo = unknown
/usr/bin/hostinfo      = unknown
/bin/machine           = unknown
/usr/bin/oslevel       = unknown
/bin/universe          = unknown

PATH: /home/sugar/bin
PATH: /usr/local/bin
PATH: /home/sugar/GNUstep/Tools
PATH: /usr/local/sbin
PATH: /usr/local/bin
PATH: /usr/bin
PATH: /usr/lib/jvm/default/bin
PATH: /usr/bin/site_perl
PATH: /usr/bin/vendor_perl
PATH: /usr/bin/core_perl
PATH: /home/sugar/.local/bin


## ----------- ##
## Core tests. ##
## ----------- ##

configure:2419: netCDF 1.0
configure:2459: checking build system type
configure:2473: result: x86_64-unknown-linux-gnu
configure:2493: checking host system type
configure:2506: result: x86_64-unknown-linux-gnu
configure:2549: checking for a BSD-compatible install
configure:2617: result: /usr/bin/install -c
configure:2628: checking whether build environment is sane
configure:2683: result: yes
configure:2834: checking for a thread-safe mkdir -p
configure:2873: result: /usr/bin/mkdir -p
configure:2880: checking for gawk
configure:2896: found /usr/bin/gawk
configure:2907: result: gawk
configure:2918: checking whether make sets $(MAKE)
configure:2940: result: yes
configure:2969: checking whether make supports nested variables
configure:2986: result: yes
configure:3114: checking user options
configure:3125: checking whether a location for the HDF5 library was specified
configure:3133: result: /home/sugar/Developer/radx_build_gcc
configure:3139: checking whether a location for the NETCDF library was specified
configure:3147: result: /home/sugar/Developer/radx_build_gcc
configure:3185: checking for style of include used by make
configure:3213: result: GNU
configure:3284: checking for gcc
configure:3300: found /usr/bin/gcc
configure:3311: result: gcc
configure:3540: checking for C compiler version
configure:3549: gcc --version >&5
gcc (GCC) 6.2.1 20160830
Copyright (C) 2016 Free Software Foundation, Inc.
This is free software; see the source for copying conditions.  There is NO
warranty; not even for MERCHANTABILITY or FITNESS FOR A PARTICULAR PURPOSE.

configure:3560: $? = 0
configure:3549: gcc -v >&5
Using built-in specs.
COLLECT_GCC=gcc
COLLECT_LTO_WRAPPER=/usr/lib/gcc/x86_64-pc-linux-gnu/6.2.1/lto-wrapper
Target: x86_64-pc-linux-gnu
Configured with: /build/gcc-multilib/src/gcc/configure --prefix=/usr --libdir=/usr/lib --libexecdir=/usr/lib --mandir=/usr/share/man --infodir=/usr/share/info --with-bugurl=https://bugs.archlinux.org/ --enable-languages=c,c++,ada,fortran,go,lto,objc,obj-c++ --enable-shared --enable-threads=posix --enable-libmpx --with-system-zlib --with-isl --enable-__cxa_atexit --disable-libunwind-exceptions --enable-clocale=gnu --disable-libstdcxx-pch --disable-libssp --enable-gnu-unique-object --enable-linker-build-id --enable-lto --enable-plugin --enable-install-libiberty --with-linker-hash-style=gnu --enable-gnu-indirect-function --enable-multilib --disable-werror --enable-checking=release
Thread model: posix
gcc version 6.2.1 20160830 (GCC) 
configure:3560: $? = 0
configure:3549: gcc -V >&5
gcc: error: unrecognized command line option '-V'
gcc: fatal error: no input files
compilation terminated.
configure:3560: $? = 1
configure:3549: gcc -qversion >&5
gcc: error: unrecognized command line option '-qversion'; did you mean '--version'?
gcc: fatal error: no input files
compilation terminated.
configure:3560: $? = 1
configure:3580: checking whether the C compiler works
configure:3602: gcc   -I/home/sugar/Developer/radx_build_gcc/include -I/home/sugar/Developer/radx_build_gcc/include -L/home/sugar/Developer/radx_build_gcc/lib -Wl,-rpath,'$$ORIGIN'/radx_runtime_libs:/home/sugar/Developer/radx_build_gcc/lib -L/home/sugar/Developer/radx_build_gcc/lib -L/home/sugar/Developer/radx_build_gcc/lib conftest.c  >&5
configure:3606: $? = 0
configure:3654: result: yes
configure:3657: checking for C compiler default output file name
configure:3659: result: a.out
configure:3665: checking for suffix of executables
configure:3672: gcc -o conftest   -I/home/sugar/Developer/radx_build_gcc/include -I/home/sugar/Developer/radx_build_gcc/include -L/home/sugar/Developer/radx_build_gcc/lib -Wl,-rpath,'$$ORIGIN'/radx_runtime_libs:/home/sugar/Developer/radx_build_gcc/lib -L/home/sugar/Developer/radx_build_gcc/lib -L/home/sugar/Developer/radx_build_gcc/lib conftest.c  >&5
configure:3676: $? = 0
configure:3698: result: 
configure:3720: checking whether we are cross compiling
configure:3728: gcc -o conftest   -I/home/sugar/Developer/radx_build_gcc/include -I/home/sugar/Developer/radx_build_gcc/include -L/home/sugar/Developer/radx_build_gcc/lib -Wl,-rpath,'$$ORIGIN'/radx_runtime_libs:/home/sugar/Developer/radx_build_gcc/lib -L/home/sugar/Developer/radx_build_gcc/lib -L/home/sugar/Developer/radx_build_gcc/lib conftest.c  >&5
configure:3732: $? = 0
configure:3739: ./conftest
configure:3743: $? = 0
configure:3758: result: no
configure:3763: checking for suffix of object files
configure:3785: gcc -c   -I/home/sugar/Developer/radx_build_gcc/include -I/home/sugar/Developer/radx_build_gcc/include conftest.c >&5
configure:3789: $? = 0
configure:3810: result: o
configure:3814: checking whether we are using the GNU C compiler
configure:3833: gcc -c   -I/home/sugar/Developer/radx_build_gcc/include -I/home/sugar/Developer/radx_build_gcc/include conftest.c >&5
configure:3833: $? = 0
configure:3842: result: yes
configure:3851: checking whether gcc accepts -g
configure:3871: gcc -c -g  -I/home/sugar/Developer/radx_build_gcc/include -I/home/sugar/Developer/radx_build_gcc/include conftest.c >&5
configure:3871: $? = 0
configure:3912: result: yes
configure:3929: checking for gcc option to accept ISO C89
configure:3992: gcc  -c -g -O2  -I/home/sugar/Developer/radx_build_gcc/include -I/home/sugar/Developer/radx_build_gcc/include conftest.c >&5
configure:3992: $? = 0
configure:4005: result: none needed
configure:4030: checking whether gcc understands -c and -o together
configure:4052: gcc -c conftest.c -o conftest2.o
configure:4055: $? = 0
configure:4052: gcc -c conftest.c -o conftest2.o
configure:4055: $? = 0
configure:4067: result: yes
configure:4086: checking dependency style of gcc
configure:4197: result: gcc3
configure:4262: checking for ar
configure:4278: found /usr/bin/ar
configure:4289: result: ar
configure:4315: checking the archiver (ar) interface
configure:4331: gcc -c -g -O2  -I/home/sugar/Developer/radx_build_gcc/include -I/home/sugar/Developer/radx_build_gcc/include conftest.c >&5
configure:4331: $? = 0
configure:4333: ar cru libconftest.a conftest.o >&5
ar: `u' modifier ignored since `D' is the default (see `U')
configure:4336: $? = 0
configure:4364: result: ar
configure:4384: setting up libtool
configure:4433: checking how to print strings
configure:4460: result: printf
configure:4481: checking for a sed that does not truncate output
configure:4545: result: /usr/bin/sed
configure:4563: checking for grep that handles long lines and -e
configure:4621: result: /usr/bin/grep
configure:4626: checking for egrep
configure:4688: result: /usr/bin/grep -E
configure:4693: checking for fgrep
configure:4755: result: /usr/bin/grep -F
configure:4790: checking for ld used by gcc
configure:4857: result: /usr/bin/ld
configure:4864: checking if the linker (/usr/bin/ld) is GNU ld
configure:4879: result: yes
configure:4891: checking for BSD- or MS-compatible name lister (nm)
configure:4945: result: /usr/bin/nm -B
configure:5075: checking the name lister (/usr/bin/nm -B) interface
configure:5082: gcc -c -g -O2  -I/home/sugar/Developer/radx_build_gcc/include -I/home/sugar/Developer/radx_build_gcc/include conftest.c >&5
configure:5085: /usr/bin/nm -B "conftest.o"
configure:5088: output
0000000000000000 B some_variable
configure:5095: result: BSD nm
configure:5098: checking whether ln -s works
configure:5102: result: yes
configure:5110: checking the maximum length of command line arguments
configure:5241: result: 1572864
configure:5289: checking how to convert x86_64-unknown-linux-gnu file names to x86_64-unknown-linux-gnu format
configure:5329: result: func_convert_file_noop
configure:5336: checking how to convert x86_64-unknown-linux-gnu file names to toolchain format
configure:5356: result: func_convert_file_noop
configure:5363: checking for /usr/bin/ld option to reload object files
configure:5370: result: -r
configure:5444: checking for objdump
configure:5460: found /usr/bin/objdump
configure:5471: result: objdump
configure:5503: checking how to recognize dependent libraries
configure:5703: result: pass_all
configure:5788: checking for dlltool
configure:5818: result: no
configure:5848: checking how to associate runtime and link libraries
configure:5875: result: printf %s\n
configure:5999: checking for archiver @FILE support
configure:6016: gcc -c -g -O2  -I/home/sugar/Developer/radx_build_gcc/include -I/home/sugar/Developer/radx_build_gcc/include conftest.c >&5
configure:6016: $? = 0
configure:6019: ar cru libconftest.a @conftest.lst >&5
ar: `u' modifier ignored since `D' is the default (see `U')
configure:6022: $? = 0
configure:6027: ar cru libconftest.a @conftest.lst >&5
ar: `u' modifier ignored since `D' is the default (see `U')
ar: conftest.o: No such file or directory
configure:6030: $? = 1
configure:6042: result: @
configure:6100: checking for strip
configure:6116: found /usr/bin/strip
configure:6127: result: strip
configure:6199: checking for ranlib
configure:6215: found /usr/bin/ranlib
configure:6226: result: ranlib
configure:6328: checking command to parse /usr/bin/nm -B output from gcc object
configure:6481: gcc -c -g -O2  -I/home/sugar/Developer/radx_build_gcc/include -I/home/sugar/Developer/radx_build_gcc/include conftest.c >&5
configure:6484: $? = 0
configure:6488: /usr/bin/nm -B conftest.o \| sed -n -e 's/^.*[ ]\([ABCDGIRSTW][ABCDGIRSTW]*\)[ ][ ]*\([_A-Za-z][_A-Za-z0-9]*\)$/\1 \2 \2/p' | sed '/ __gnu_lto/d' \> conftest.nm
configure:6491: $? = 0
configure:6557: gcc -o conftest -g -O2  -I/home/sugar/Developer/radx_build_gcc/include -I/home/sugar/Developer/radx_build_gcc/include -L/home/sugar/Developer/radx_build_gcc/lib -Wl,-rpath,'$$ORIGIN'/radx_runtime_libs:/home/sugar/Developer/radx_build_gcc/lib -L/home/sugar/Developer/radx_build_gcc/lib -L/home/sugar/Developer/radx_build_gcc/lib conftest.c conftstm.o >&5
configure:6560: $? = 0
configure:6598: result: ok
configure:6645: checking for sysroot
configure:6675: result: no
configure:6682: checking for a working dd
configure:6720: result: /usr/bin/dd
configure:6724: checking how to truncate binary pipes
configure:6739: result: /usr/bin/dd bs=4096 count=1
configure:6875: gcc -c -g -O2  -I/home/sugar/Developer/radx_build_gcc/include -I/home/sugar/Developer/radx_build_gcc/include conftest.c >&5
configure:6878: $? = 0
configure:7068: checking for mt
configure:7098: result: no
configure:7118: checking if : is a manifest tool
configure:7124: : '-?'
configure:7132: result: no
configure:7809: checking how to run the C preprocessor
configure:7840: gcc -E  -I/home/sugar/Developer/radx_build_gcc/include -I/home/sugar/Developer/radx_build_gcc/include conftest.c
configure:7840: $? = 0
configure:7854: gcc -E  -I/home/sugar/Developer/radx_build_gcc/include -I/home/sugar/Developer/radx_build_gcc/include conftest.c
conftest.c:11:28: fatal error: ac_nonexistent.h: No such file or directory
 #include <ac_nonexistent.h>
                            ^
compilation terminated.
configure:7854: $? = 1
configure: failed program was:
| /* confdefs.h */
| #define PACKAGE_NAME "radx"
| #define PACKAGE_TARNAME "radx"
| #define PACKAGE_VERSION "1.0"
| #define PACKAGE_STRING "radx 1.0"
| #define PACKAGE_BUGREPORT "http://www.ral.ucar.edu/projects/titan/docs"
| #define PACKAGE_URL ""
| #define PACKAGE "radx"
| #define VERSION "1.0"
| /* end confdefs.h.  */
| #include <ac_nonexistent.h>
configure:7879: result: gcc -E
configure:7899: gcc -E  -I/home/sugar/Developer/radx_build_gcc/include -I/home/sugar/Developer/radx_build_gcc/include conftest.c
configure:7899: $? = 0
configure:7913: gcc -E  -I/home/sugar/Developer/radx_build_gcc/include -I/home/sugar/Developer/radx_build_gcc/include conftest.c
conftest.c:11:28: fatal error: ac_nonexistent.h: No such file or directory
 #include <ac_nonexistent.h>
                            ^
compilation terminated.
configure:7913: $? = 1
configure: failed program was:
| /* confdefs.h */
| #define PACKAGE_NAME "radx"
| #define PACKAGE_TARNAME "radx"
| #define PACKAGE_VERSION "1.0"
| #define PACKAGE_STRING "radx 1.0"
| #define PACKAGE_BUGREPORT "http://www.ral.ucar.edu/projects/titan/docs"
| #define PACKAGE_URL ""
| #define PACKAGE "radx"
| #define VERSION "1.0"
| /* end confdefs.h.  */
| #include <ac_nonexistent.h>
configure:7942: checking for ANSI C header files
configure:7962: gcc -c -g -O2  -I/home/sugar/Developer/radx_build_gcc/include -I/home/sugar/Developer/radx_build_gcc/include conftest.c >&5
configure:7962: $? = 0
configure:8035: gcc -o conftest -g -O2  -I/home/sugar/Developer/radx_build_gcc/include -I/home/sugar/Developer/radx_build_gcc/include -L/home/sugar/Developer/radx_build_gcc/lib -Wl,-rpath,'$$ORIGIN'/radx_runtime_libs:/home/sugar/Developer/radx_build_gcc/lib -L/home/sugar/Developer/radx_build_gcc/lib -L/home/sugar/Developer/radx_build_gcc/lib conftest.c  >&5
configure:8035: $? = 0
configure:8035: ./conftest
configure:8035: $? = 0
configure:8046: result: yes
configure:8059: checking for sys/types.h
configure:8059: gcc -c -g -O2  -I/home/sugar/Developer/radx_build_gcc/include -I/home/sugar/Developer/radx_build_gcc/include conftest.c >&5
configure:8059: $? = 0
configure:8059: result: yes
configure:8059: checking for sys/stat.h
configure:8059: gcc -c -g -O2  -I/home/sugar/Developer/radx_build_gcc/include -I/home/sugar/Developer/radx_build_gcc/include conftest.c >&5
configure:8059: $? = 0
configure:8059: result: yes
configure:8059: checking for stdlib.h
configure:8059: gcc -c -g -O2  -I/home/sugar/Developer/radx_build_gcc/include -I/home/sugar/Developer/radx_build_gcc/include conftest.c >&5
configure:8059: $? = 0
configure:8059: result: yes
configure:8059: checking for string.h
configure:8059: gcc -c -g -O2  -I/home/sugar/Developer/radx_build_gcc/include -I/home/sugar/Developer/radx_build_gcc/include conftest.c >&5
configure:8059: $? = 0
configure:8059: result: yes
configure:8059: checking for memory.h
configure:8059: gcc -c -g -O2  -I/home/sugar/Developer/radx_build_gcc/include -I/home/sugar/Developer/radx_build_gcc/include conftest.c >&5
configure:8059: $? = 0
configure:8059: result: yes
configure:8059: checking for strings.h
configure:8059: gcc -c -g -O2  -I/home/sugar/Developer/radx_build_gcc/include -I/home/sugar/Developer/radx_build_gcc/include conftest.c >&5
configure:8059: $? = 0
configure:8059: result: yes
configure:8059: checking for inttypes.h
configure:8059: gcc -c -g -O2  -I/home/sugar/Developer/radx_build_gcc/include -I/home/sugar/Developer/radx_build_gcc/include conftest.c >&5
configure:8059: $? = 0
configure:8059: result: yes
configure:8059: checking for stdint.h
configure:8059: gcc -c -g -O2  -I/home/sugar/Developer/radx_build_gcc/include -I/home/sugar/Developer/radx_build_gcc/include conftest.c >&5
configure:8059: $? = 0
configure:8059: result: yes
configure:8059: checking for unistd.h
configure:8059: gcc -c -g -O2  -I/home/sugar/Developer/radx_build_gcc/include -I/home/sugar/Developer/radx_build_gcc/include conftest.c >&5
configure:8059: $? = 0
configure:8059: result: yes
configure:8073: checking for dlfcn.h
configure:8073: gcc -c -g -O2  -I/home/sugar/Developer/radx_build_gcc/include -I/home/sugar/Developer/radx_build_gcc/include conftest.c >&5
configure:8073: $? = 0
configure:8073: result: yes
configure:8329: checking for objdir
configure:8344: result: .libs
configure:8608: checking if gcc supports -fno-rtti -fno-exceptions
configure:8626: gcc -c -g -O2  -I/home/sugar/Developer/radx_build_gcc/include -I/home/sugar/Developer/radx_build_gcc/include -fno-rtti -fno-exceptions conftest.c >&5
cc1: warning: command line option '-fno-rtti' is valid for C++/ObjC++ but not for C
configure:8630: $? = 0
configure:8643: result: no
configure:9001: checking for gcc option to produce PIC
configure:9008: result: -fPIC -DPIC
configure:9016: checking if gcc PIC flag -fPIC -DPIC works
configure:9034: gcc -c -g -O2  -I/home/sugar/Developer/radx_build_gcc/include -I/home/sugar/Developer/radx_build_gcc/include -fPIC -DPIC -DPIC conftest.c >&5
configure:9038: $? = 0
configure:9051: result: yes
configure:9080: checking if gcc static flag -static works
configure:9108: result: yes
configure:9123: checking if gcc supports -c -o file.o
configure:9144: gcc -c -g -O2  -I/home/sugar/Developer/radx_build_gcc/include -I/home/sugar/Developer/radx_build_gcc/include -o out/conftest2.o conftest.c >&5
configure:9148: $? = 0
configure:9170: result: yes
configure:9178: checking if gcc supports -c -o file.o
configure:9225: result: yes
configure:9258: checking whether the gcc linker (/usr/bin/ld -m elf_x86_64) supports shared libraries
configure:10517: result: yes
configure:10554: checking whether -lc should be explicitly linked in
configure:10562: gcc -c -g -O2  -I/home/sugar/Developer/radx_build_gcc/include -I/home/sugar/Developer/radx_build_gcc/include conftest.c >&5
configure:10565: $? = 0
configure:10580: gcc -shared  -fPIC -DPIC conftest.o  -v -Wl,-soname -Wl,conftest -o conftest 2\>\&1 \| /usr/bin/grep  -lc  \>/dev/null 2\>\&1
configure:10583: $? = 0
configure:10597: result: no
configure:10757: checking dynamic linker characteristics
configure:11338: gcc -o conftest -g -O2  -I/home/sugar/Developer/radx_build_gcc/include -I/home/sugar/Developer/radx_build_gcc/include -L/home/sugar/Developer/radx_build_gcc/lib -Wl,-rpath,'$$ORIGIN'/radx_runtime_libs:/home/sugar/Developer/radx_build_gcc/lib -L/home/sugar/Developer/radx_build_gcc/lib -L/home/sugar/Developer/radx_build_gcc/lib -Wl,-rpath -Wl,/foo conftest.c  >&5
configure:11338: $? = 0
configure:11575: result: GNU/Linux ld.so
configure:11697: checking how to hardcode library paths into programs
configure:11722: result: immediate
configure:12270: checking whether stripping libraries is possible
configure:12275: result: yes
configure:12310: checking if libtool supports shared libraries
configure:12312: result: yes
configure:12315: checking whether to build shared libraries
configure:12340: result: yes
configure:12343: checking whether to build static libraries
configure:12347: result: yes
configure:12436: checking for gcc
configure:12463: result: gcc
configure:12692: checking for C compiler version
configure:12701: gcc --version >&5
gcc (GCC) 6.2.1 20160830
Copyright (C) 2016 Free Software Foundation, Inc.
This is free software; see the source for copying conditions.  There is NO
warranty; not even for MERCHANTABILITY or FITNESS FOR A PARTICULAR PURPOSE.

configure:12712: $? = 0
configure:12701: gcc -v >&5
Using built-in specs.
COLLECT_GCC=gcc
COLLECT_LTO_WRAPPER=/usr/lib/gcc/x86_64-pc-linux-gnu/6.2.1/lto-wrapper
Target: x86_64-pc-linux-gnu
Configured with: /build/gcc-multilib/src/gcc/configure --prefix=/usr --libdir=/usr/lib --libexecdir=/usr/lib --mandir=/usr/share/man --infodir=/usr/share/info --with-bugurl=https://bugs.archlinux.org/ --enable-languages=c,c++,ada,fortran,go,lto,objc,obj-c++ --enable-shared --enable-threads=posix --enable-libmpx --with-system-zlib --with-isl --enable-__cxa_atexit --disable-libunwind-exceptions --enable-clocale=gnu --disable-libstdcxx-pch --disable-libssp --enable-gnu-unique-object --enable-linker-build-id --enable-lto --enable-plugin --enable-install-libiberty --with-linker-hash-style=gnu --enable-gnu-indirect-function --enable-multilib --disable-werror --enable-checking=release
Thread model: posix
gcc version 6.2.1 20160830 (GCC) 
configure:12712: $? = 0
configure:12701: gcc -V >&5
gcc: error: unrecognized command line option '-V'
gcc: fatal error: no input files
compilation terminated.
configure:12712: $? = 1
configure:12701: gcc -qversion >&5
gcc: error: unrecognized command line option '-qversion'; did you mean '--version'?
gcc: fatal error: no input files
compilation terminated.
configure:12712: $? = 1
configure:12716: checking whether we are using the GNU C compiler
configure:12744: result: yes
configure:12753: checking whether gcc accepts -g
configure:12814: result: yes
configure:12831: checking for gcc option to accept ISO C89
configure:12907: result: none needed
configure:12932: checking whether gcc understands -c and -o together
configure:12969: result: yes
configure:12988: checking dependency style of gcc
configure:13099: result: gcc3
configure:13172: checking for g++
configure:13188: found /usr/bin/g++
configure:13199: result: g++
configure:13226: checking for C++ compiler version
configure:13235: g++ --version >&5
g++ (GCC) 6.2.1 20160830
Copyright (C) 2016 Free Software Foundation, Inc.
This is free software; see the source for copying conditions.  There is NO
warranty; not even for MERCHANTABILITY or FITNESS FOR A PARTICULAR PURPOSE.

configure:13246: $? = 0
configure:13235: g++ -v >&5
Using built-in specs.
COLLECT_GCC=g++
COLLECT_LTO_WRAPPER=/usr/lib/gcc/x86_64-pc-linux-gnu/6.2.1/lto-wrapper
Target: x86_64-pc-linux-gnu
Configured with: /build/gcc-multilib/src/gcc/configure --prefix=/usr --libdir=/usr/lib --libexecdir=/usr/lib --mandir=/usr/share/man --infodir=/usr/share/info --with-bugurl=https://bugs.archlinux.org/ --enable-languages=c,c++,ada,fortran,go,lto,objc,obj-c++ --enable-shared --enable-threads=posix --enable-libmpx --with-system-zlib --with-isl --enable-__cxa_atexit --disable-libunwind-exceptions --enable-clocale=gnu --disable-libstdcxx-pch --disable-libssp --enable-gnu-unique-object --enable-linker-build-id --enable-lto --enable-plugin --enable-install-libiberty --with-linker-hash-style=gnu --enable-gnu-indirect-function --enable-multilib --disable-werror --enable-checking=release
Thread model: posix
gcc version 6.2.1 20160830 (GCC) 
configure:13246: $? = 0
configure:13235: g++ -V >&5
g++: error: unrecognized command line option '-V'
g++: fatal error: no input files
compilation terminated.
configure:13246: $? = 1
configure:13235: g++ -qversion >&5
g++: error: unrecognized command line option '-qversion'; did you mean '--version'?
g++: fatal error: no input files
compilation terminated.
configure:13246: $? = 1
configure:13250: checking whether we are using the GNU C++ compiler
configure:13269: g++ -c -O0 -g -std=c++14  -I/home/sugar/Developer/radx_build_gcc/include -I/home/sugar/Developer/radx_build_gcc/include conftest.cpp >&5
configure:13269: $? = 0
configure:13278: result: yes
configure:13287: checking whether g++ accepts -g
configure:13307: g++ -c -g  -I/home/sugar/Developer/radx_build_gcc/include -I/home/sugar/Developer/radx_build_gcc/include conftest.cpp >&5
configure:13307: $? = 0
configure:13348: result: yes
configure:13373: checking dependency style of g++
configure:13484: result: gcc3
configure:13517: checking how to run the C++ preprocessor
configure:13544: g++ -E  -I/home/sugar/Developer/radx_build_gcc/include -I/home/sugar/Developer/radx_build_gcc/include conftest.cpp
configure:13544: $? = 0
configure:13558: g++ -E  -I/home/sugar/Developer/radx_build_gcc/include -I/home/sugar/Developer/radx_build_gcc/include conftest.cpp
conftest.cpp:23:28: fatal error: ac_nonexistent.h: No such file or directory
 #include <ac_nonexistent.h>
                            ^
compilation terminated.
configure:13558: $? = 1
configure: failed program was:
| /* confdefs.h */
| #define PACKAGE_NAME "radx"
| #define PACKAGE_TARNAME "radx"
| #define PACKAGE_VERSION "1.0"
| #define PACKAGE_STRING "radx 1.0"
| #define PACKAGE_BUGREPORT "http://www.ral.ucar.edu/projects/titan/docs"
| #define PACKAGE_URL ""
| #define PACKAGE "radx"
| #define VERSION "1.0"
| #define STDC_HEADERS 1
| #define HAVE_SYS_TYPES_H 1
| #define HAVE_SYS_STAT_H 1
| #define HAVE_STDLIB_H 1
| #define HAVE_STRING_H 1
| #define HAVE_MEMORY_H 1
| #define HAVE_STRINGS_H 1
| #define HAVE_INTTYPES_H 1
| #define HAVE_STDINT_H 1
| #define HAVE_UNISTD_H 1
| #define HAVE_DLFCN_H 1
| #define LT_OBJDIR ".libs/"
| /* end confdefs.h.  */
| #include <ac_nonexistent.h>
configure:13583: result: g++ -E
configure:13603: g++ -E  -I/home/sugar/Developer/radx_build_gcc/include -I/home/sugar/Developer/radx_build_gcc/include conftest.cpp
configure:13603: $? = 0
configure:13617: g++ -E  -I/home/sugar/Developer/radx_build_gcc/include -I/home/sugar/Developer/radx_build_gcc/include conftest.cpp
conftest.cpp:23:28: fatal error: ac_nonexistent.h: No such file or directory
 #include <ac_nonexistent.h>
                            ^
compilation terminated.
configure:13617: $? = 1
configure: failed program was:
| /* confdefs.h */
| #define PACKAGE_NAME "radx"
| #define PACKAGE_TARNAME "radx"
| #define PACKAGE_VERSION "1.0"
| #define PACKAGE_STRING "radx 1.0"
| #define PACKAGE_BUGREPORT "http://www.ral.ucar.edu/projects/titan/docs"
| #define PACKAGE_URL ""
| #define PACKAGE "radx"
| #define VERSION "1.0"
| #define STDC_HEADERS 1
| #define HAVE_SYS_TYPES_H 1
| #define HAVE_SYS_STAT_H 1
| #define HAVE_STDLIB_H 1
| #define HAVE_STRING_H 1
| #define HAVE_MEMORY_H 1
| #define HAVE_STRINGS_H 1
| #define HAVE_INTTYPES_H 1
| #define HAVE_STDINT_H 1
| #define HAVE_UNISTD_H 1
| #define HAVE_DLFCN_H 1
| #define LT_OBJDIR ".libs/"
| /* end confdefs.h.  */
| #include <ac_nonexistent.h>
configure:13779: checking for ld used by g++
configure:13846: result: /usr/bin/ld -m elf_x86_64
configure:13853: checking if the linker (/usr/bin/ld -m elf_x86_64) is GNU ld
configure:13868: result: yes
configure:13923: checking whether the g++ linker (/usr/bin/ld -m elf_x86_64) supports shared libraries
configure:14996: result: yes
configure:15032: g++ -c -O0 -g -std=c++14  -I/home/sugar/Developer/radx_build_gcc/include -I/home/sugar/Developer/radx_build_gcc/include conftest.cpp >&5
configure:15035: $? = 0
configure:15516: checking for g++ option to produce PIC
configure:15523: result: -fPIC -DPIC
configure:15531: checking if g++ PIC flag -fPIC -DPIC works
configure:15549: g++ -c -O0 -g -std=c++14  -I/home/sugar/Developer/radx_build_gcc/include -I/home/sugar/Developer/radx_build_gcc/include -fPIC -DPIC -DPIC conftest.cpp >&5
configure:15553: $? = 0
configure:15566: result: yes
configure:15589: checking if g++ static flag -static works
configure:15617: result: yes
configure:15629: checking if g++ supports -c -o file.o
configure:15650: g++ -c -O0 -g -std=c++14  -I/home/sugar/Developer/radx_build_gcc/include -I/home/sugar/Developer/radx_build_gcc/include -o out/conftest2.o conftest.cpp >&5
configure:15654: $? = 0
configure:15676: result: yes
configure:15681: checking if g++ supports -c -o file.o
configure:15728: result: yes
configure:15758: checking whether the g++ linker (/usr/bin/ld -m elf_x86_64) supports shared libraries
configure:15798: result: yes
configure:15939: checking dynamic linker characteristics
configure:16684: result: GNU/Linux ld.so
configure:16749: checking how to hardcode library paths into programs
configure:16774: result: immediate
configure:16820: checking sys/time.h usability
configure:16820: gcc -c -g -O2  -I/home/sugar/Developer/radx_build_gcc/include -I/home/sugar/Developer/radx_build_gcc/include conftest.c >&5
configure:16820: $? = 0
configure:16820: result: yes
configure:16820: checking sys/time.h presence
configure:16820: gcc -E  -I/home/sugar/Developer/radx_build_gcc/include -I/home/sugar/Developer/radx_build_gcc/include conftest.c
configure:16820: $? = 0
configure:16820: result: yes
configure:16820: checking for sys/time.h
configure:16820: result: yes
configure:16832: checking for stdbool.h that conforms to C99
configure:16899: gcc -c -g -O2  -I/home/sugar/Developer/radx_build_gcc/include -I/home/sugar/Developer/radx_build_gcc/include conftest.c >&5
configure:16899: $? = 0
configure:16906: result: yes
configure:16908: checking for _Bool
configure:16908: gcc -c -g -O2  -I/home/sugar/Developer/radx_build_gcc/include -I/home/sugar/Developer/radx_build_gcc/include conftest.c >&5
configure:16908: $? = 0
configure:16908: gcc -c -g -O2  -I/home/sugar/Developer/radx_build_gcc/include -I/home/sugar/Developer/radx_build_gcc/include conftest.c >&5
conftest.c: In function 'main':
conftest.c:60:20: error: expected expression before ')' token
 if (sizeof ((_Bool)))
                    ^
configure:16908: $? = 1
configure: failed program was:
| /* confdefs.h */
| #define PACKAGE_NAME "radx"
| #define PACKAGE_TARNAME "radx"
| #define PACKAGE_VERSION "1.0"
| #define PACKAGE_STRING "radx 1.0"
| #define PACKAGE_BUGREPORT "http://www.ral.ucar.edu/projects/titan/docs"
| #define PACKAGE_URL ""
| #define PACKAGE "radx"
| #define VERSION "1.0"
| #define STDC_HEADERS 1
| #define HAVE_SYS_TYPES_H 1
| #define HAVE_SYS_STAT_H 1
| #define HAVE_STDLIB_H 1
| #define HAVE_STRING_H 1
| #define HAVE_MEMORY_H 1
| #define HAVE_STRINGS_H 1
| #define HAVE_INTTYPES_H 1
| #define HAVE_STDINT_H 1
| #define HAVE_UNISTD_H 1
| #define HAVE_DLFCN_H 1
| #define LT_OBJDIR ".libs/"
| #define HAVE_SYS_TIME_H 1
| /* end confdefs.h.  */
| #include <stdio.h>
| #ifdef HAVE_SYS_TYPES_H
| # include <sys/types.h>
| #endif
| #ifdef HAVE_SYS_STAT_H
| # include <sys/stat.h>
| #endif
| #ifdef STDC_HEADERS
| # include <stdlib.h>
| # include <stddef.h>
| #else
| # ifdef HAVE_STDLIB_H
| #  include <stdlib.h>
| # endif
| #endif
| #ifdef HAVE_STRING_H
| # if !defined STDC_HEADERS && defined HAVE_MEMORY_H
| #  include <memory.h>
| # endif
| # include <string.h>
| #endif
| #ifdef HAVE_STRINGS_H
| # include <strings.h>
| #endif
| #ifdef HAVE_INTTYPES_H
| # include <inttypes.h>
| #endif
| #ifdef HAVE_STDINT_H
| # include <stdint.h>
| #endif
| #ifdef HAVE_UNISTD_H
| # include <unistd.h>
| #endif
| int
| main ()
| {
| if (sizeof ((_Bool)))
| 	    return 0;
|   ;
|   return 0;
| }
configure:16908: result: yes
configure:16925: checking for an ANSI C-conforming const
configure:16991: gcc -c -g -O2  -I/home/sugar/Developer/radx_build_gcc/include -I/home/sugar/Developer/radx_build_gcc/include conftest.c >&5
configure:16991: $? = 0
configure:16998: result: yes
configure:17006: checking for inline
configure:17022: gcc -c -g -O2  -I/home/sugar/Developer/radx_build_gcc/include -I/home/sugar/Developer/radx_build_gcc/include conftest.c >&5
configure:17022: $? = 0
configure:17030: result: inline
configure:17048: checking for size_t
configure:17048: gcc -c -g -O2  -I/home/sugar/Developer/radx_build_gcc/include -I/home/sugar/Developer/radx_build_gcc/include conftest.c >&5
configure:17048: $? = 0
configure:17048: gcc -c -g -O2  -I/home/sugar/Developer/radx_build_gcc/include -I/home/sugar/Developer/radx_build_gcc/include conftest.c >&5
conftest.c: In function 'main':
conftest.c:62:21: error: expected expression before ')' token
 if (sizeof ((size_t)))
                     ^
configure:17048: $? = 1
configure: failed program was:
| /* confdefs.h */
| #define PACKAGE_NAME "radx"
| #define PACKAGE_TARNAME "radx"
| #define PACKAGE_VERSION "1.0"
| #define PACKAGE_STRING "radx 1.0"
| #define PACKAGE_BUGREPORT "http://www.ral.ucar.edu/projects/titan/docs"
| #define PACKAGE_URL ""
| #define PACKAGE "radx"
| #define VERSION "1.0"
| #define STDC_HEADERS 1
| #define HAVE_SYS_TYPES_H 1
| #define HAVE_SYS_STAT_H 1
| #define HAVE_STDLIB_H 1
| #define HAVE_STRING_H 1
| #define HAVE_MEMORY_H 1
| #define HAVE_STRINGS_H 1
| #define HAVE_INTTYPES_H 1
| #define HAVE_STDINT_H 1
| #define HAVE_UNISTD_H 1
| #define HAVE_DLFCN_H 1
| #define LT_OBJDIR ".libs/"
| #define HAVE_SYS_TIME_H 1
| #define HAVE__BOOL 1
| #define HAVE_STDBOOL_H 1
| /* end confdefs.h.  */
| #include <stdio.h>
| #ifdef HAVE_SYS_TYPES_H
| # include <sys/types.h>
| #endif
| #ifdef HAVE_SYS_STAT_H
| # include <sys/stat.h>
| #endif
| #ifdef STDC_HEADERS
| # include <stdlib.h>
| # include <stddef.h>
| #else
| # ifdef HAVE_STDLIB_H
| #  include <stdlib.h>
| # endif
| #endif
| #ifdef HAVE_STRING_H
| # if !defined STDC_HEADERS && defined HAVE_MEMORY_H
| #  include <memory.h>
| # endif
| # include <string.h>
| #endif
| #ifdef HAVE_STRINGS_H
| # include <strings.h>
| #endif
| #ifdef HAVE_INTTYPES_H
| # include <inttypes.h>
| #endif
| #ifdef HAVE_STDINT_H
| # include <stdint.h>
| #endif
| #ifdef HAVE_UNISTD_H
| # include <unistd.h>
| #endif
| int
| main ()
| {
| if (sizeof ((size_t)))
| 	    return 0;
|   ;
|   return 0;
| }
configure:17048: result: yes
configure:17059: checking whether time.h and sys/time.h may both be included
configure:17079: gcc -c -g -O2  -I/home/sugar/Developer/radx_build_gcc/include -I/home/sugar/Developer/radx_build_gcc/include conftest.c >&5
configure:17079: $? = 0
configure:17086: result: yes
configure:17094: checking whether struct tm is in sys/time.h or time.h
configure:17114: gcc -c -g -O2  -I/home/sugar/Developer/radx_build_gcc/include -I/home/sugar/Developer/radx_build_gcc/include conftest.c >&5
configure:17114: $? = 0
configure:17121: result: time.h
configure:17131: checking for ANSI C header files
configure:17235: result: yes
configure:17243: checking whether lstat correctly handles trailing slash
configure:17269: gcc -o conftest -g -O2  -I/home/sugar/Developer/radx_build_gcc/include -I/home/sugar/Developer/radx_build_gcc/include -L/home/sugar/Developer/radx_build_gcc/lib -Wl,-rpath,'$$ORIGIN'/radx_runtime_libs:/home/sugar/Developer/radx_build_gcc/lib -L/home/sugar/Developer/radx_build_gcc/lib -L/home/sugar/Developer/radx_build_gcc/lib conftest.c  >&5
configure:17269: $? = 0
configure:17269: ./conftest
configure:17269: $? = 0
configure:17286: result: yes
configure:17305: checking whether stat accepts an empty string
configure:17325: gcc -o conftest -g -O2  -I/home/sugar/Developer/radx_build_gcc/include -I/home/sugar/Developer/radx_build_gcc/include -L/home/sugar/Developer/radx_build_gcc/lib -Wl,-rpath,'$$ORIGIN'/radx_runtime_libs:/home/sugar/Developer/radx_build_gcc/lib -L/home/sugar/Developer/radx_build_gcc/lib -L/home/sugar/Developer/radx_build_gcc/lib conftest.c  >&5
configure:17325: $? = 0
configure:17325: ./conftest
configure:17325: $? = 0
configure:17335: result: no
configure:17357: checking for utime.h
configure:17357: gcc -c -g -O2  -I/home/sugar/Developer/radx_build_gcc/include -I/home/sugar/Developer/radx_build_gcc/include conftest.c >&5
configure:17357: $? = 0
configure:17357: result: yes
configure:17371: checking whether utime accepts a null argument
configure:17400: gcc -o conftest -g -O2  -I/home/sugar/Developer/radx_build_gcc/include -I/home/sugar/Developer/radx_build_gcc/include -L/home/sugar/Developer/radx_build_gcc/lib -Wl,-rpath,'$$ORIGIN'/radx_runtime_libs:/home/sugar/Developer/radx_build_gcc/lib -L/home/sugar/Developer/radx_build_gcc/lib -L/home/sugar/Developer/radx_build_gcc/lib conftest.c  >&5
configure:17400: $? = 0
configure:17400: ./conftest
configure:17400: $? = 0
configure:17410: result: yes
configure:17423: checking for floor
configure:17423: gcc -o conftest -g -O2  -I/home/sugar/Developer/radx_build_gcc/include -I/home/sugar/Developer/radx_build_gcc/include -L/home/sugar/Developer/radx_build_gcc/lib -Wl,-rpath,'$$ORIGIN'/radx_runtime_libs:/home/sugar/Developer/radx_build_gcc/lib -L/home/sugar/Developer/radx_build_gcc/lib -L/home/sugar/Developer/radx_build_gcc/lib conftest.c  >&5
conftest.c:54:6: warning: conflicting types for built-in function 'floor'
 char floor ();
      ^~~~~
/tmp/cc40WBWw.o: In function `main':
/home/sugar/Developer/radx2grid/conftest.c:65: undefined reference to `floor'
collect2: error: ld returned 1 exit status
configure:17423: $? = 1
configure: failed program was:
| /* confdefs.h */
| #define PACKAGE_NAME "radx"
| #define PACKAGE_TARNAME "radx"
| #define PACKAGE_VERSION "1.0"
| #define PACKAGE_STRING "radx 1.0"
| #define PACKAGE_BUGREPORT "http://www.ral.ucar.edu/projects/titan/docs"
| #define PACKAGE_URL ""
| #define PACKAGE "radx"
| #define VERSION "1.0"
| #define STDC_HEADERS 1
| #define HAVE_SYS_TYPES_H 1
| #define HAVE_SYS_STAT_H 1
| #define HAVE_STDLIB_H 1
| #define HAVE_STRING_H 1
| #define HAVE_MEMORY_H 1
| #define HAVE_STRINGS_H 1
| #define HAVE_INTTYPES_H 1
| #define HAVE_STDINT_H 1
| #define HAVE_UNISTD_H 1
| #define HAVE_DLFCN_H 1
| #define LT_OBJDIR ".libs/"
| #define HAVE_SYS_TIME_H 1
| #define HAVE__BOOL 1
| #define HAVE_STDBOOL_H 1
| #define TIME_WITH_SYS_TIME 1
| #define STDC_HEADERS 1
| #define LSTAT_FOLLOWS_SLASHED_SYMLINK 1
| #define HAVE_UTIME_H 1
| #define HAVE_UTIME_NULL 1
| /* end confdefs.h.  */
| /* Define floor to an innocuous variant, in case <limits.h> declares floor.
|    For example, HP-UX 11i <limits.h> declares gettimeofday.  */
| #define floor innocuous_floor
| 
| /* System header to define __stub macros and hopefully few prototypes,
|     which can conflict with char floor (); below.
|     Prefer <limits.h> to <assert.h> if __STDC__ is defined, since
|     <limits.h> exists even on freestanding compilers.  */
| 
| #ifdef __STDC__
| # include <limits.h>
| #else
| # include <assert.h>
| #endif
| 
| #undef floor
| 
| /* Override any GCC internal prototype to avoid an error.
|    Use char because int might match the return type of a GCC
|    builtin and then its argument prototype would still apply.  */
| #ifdef __cplusplus
| extern "C"
| #endif
| char floor ();
| /* The GNU C library defines this for functions which it implements
|     to always fail with ENOSYS.  Some functions are actually named
|     something starting with __ and the normal name is an alias.  */
| #if defined __stub_floor || defined __stub___floor
| choke me
| #endif
| 
| int
| main ()
| {
| return floor ();
|   ;
|   return 0;
| }
configure:17423: result: no
configure:17423: checking for gettimeofday
configure:17423: gcc -o conftest -g -O2  -I/home/sugar/Developer/radx_build_gcc/include -I/home/sugar/Developer/radx_build_gcc/include -L/home/sugar/Developer/radx_build_gcc/lib -Wl,-rpath,'$$ORIGIN'/radx_runtime_libs:/home/sugar/Developer/radx_build_gcc/lib -L/home/sugar/Developer/radx_build_gcc/lib -L/home/sugar/Developer/radx_build_gcc/lib conftest.c  >&5
configure:17423: $? = 0
configure:17423: result: yes
configure:17423: checking for memset
configure:17423: gcc -o conftest -g -O2  -I/home/sugar/Developer/radx_build_gcc/include -I/home/sugar/Developer/radx_build_gcc/include -L/home/sugar/Developer/radx_build_gcc/lib -Wl,-rpath,'$$ORIGIN'/radx_runtime_libs:/home/sugar/Developer/radx_build_gcc/lib -L/home/sugar/Developer/radx_build_gcc/lib -L/home/sugar/Developer/radx_build_gcc/lib conftest.c  >&5
conftest.c:55:6: warning: conflicting types for built-in function 'memset'
 char memset ();
      ^~~~~~
configure:17423: $? = 0
configure:17423: result: yes
configure:17423: checking for modf
configure:17423: gcc -o conftest -g -O2  -I/home/sugar/Developer/radx_build_gcc/include -I/home/sugar/Developer/radx_build_gcc/include -L/home/sugar/Developer/radx_build_gcc/lib -Wl,-rpath,'$$ORIGIN'/radx_runtime_libs:/home/sugar/Developer/radx_build_gcc/lib -L/home/sugar/Developer/radx_build_gcc/lib -L/home/sugar/Developer/radx_build_gcc/lib conftest.c  >&5
conftest.c:56:6: warning: conflicting types for built-in function 'modf'
 char modf ();
      ^~~~
configure:17423: $? = 0
configure:17423: result: yes
configure:17423: checking for pow
configure:17423: gcc -o conftest -g -O2  -I/home/sugar/Developer/radx_build_gcc/include -I/home/sugar/Developer/radx_build_gcc/include -L/home/sugar/Developer/radx_build_gcc/lib -Wl,-rpath,'$$ORIGIN'/radx_runtime_libs:/home/sugar/Developer/radx_build_gcc/lib -L/home/sugar/Developer/radx_build_gcc/lib -L/home/sugar/Developer/radx_build_gcc/lib conftest.c  >&5
conftest.c:57:6: warning: conflicting types for built-in function 'pow'
 char pow ();
      ^~~
/tmp/ccK7SIcK.o: In function `main':
/home/sugar/Developer/radx2grid/conftest.c:68: undefined reference to `pow'
collect2: error: ld returned 1 exit status
configure:17423: $? = 1
configure: failed program was:
| /* confdefs.h */
| #define PACKAGE_NAME "radx"
| #define PACKAGE_TARNAME "radx"
| #define PACKAGE_VERSION "1.0"
| #define PACKAGE_STRING "radx 1.0"
| #define PACKAGE_BUGREPORT "http://www.ral.ucar.edu/projects/titan/docs"
| #define PACKAGE_URL ""
| #define PACKAGE "radx"
| #define VERSION "1.0"
| #define STDC_HEADERS 1
| #define HAVE_SYS_TYPES_H 1
| #define HAVE_SYS_STAT_H 1
| #define HAVE_STDLIB_H 1
| #define HAVE_STRING_H 1
| #define HAVE_MEMORY_H 1
| #define HAVE_STRINGS_H 1
| #define HAVE_INTTYPES_H 1
| #define HAVE_STDINT_H 1
| #define HAVE_UNISTD_H 1
| #define HAVE_DLFCN_H 1
| #define LT_OBJDIR ".libs/"
| #define HAVE_SYS_TIME_H 1
| #define HAVE__BOOL 1
| #define HAVE_STDBOOL_H 1
| #define TIME_WITH_SYS_TIME 1
| #define STDC_HEADERS 1
| #define LSTAT_FOLLOWS_SLASHED_SYMLINK 1
| #define HAVE_UTIME_H 1
| #define HAVE_UTIME_NULL 1
| #define HAVE_GETTIMEOFDAY 1
| #define HAVE_MEMSET 1
| #define HAVE_MODF 1
| /* end confdefs.h.  */
| /* Define pow to an innocuous variant, in case <limits.h> declares pow.
|    For example, HP-UX 11i <limits.h> declares gettimeofday.  */
| #define pow innocuous_pow
| 
| /* System header to define __stub macros and hopefully few prototypes,
|     which can conflict with char pow (); below.
|     Prefer <limits.h> to <assert.h> if __STDC__ is defined, since
|     <limits.h> exists even on freestanding compilers.  */
| 
| #ifdef __STDC__
| # include <limits.h>
| #else
| # include <assert.h>
| #endif
| 
| #undef pow
| 
| /* Override any GCC internal prototype to avoid an error.
|    Use char because int might match the return type of a GCC
|    builtin and then its argument prototype would still apply.  */
| #ifdef __cplusplus
| extern "C"
| #endif
| char pow ();
| /* The GNU C library defines this for functions which it implements
|     to always fail with ENOSYS.  Some functions are actually named
|     something starting with __ and the normal name is an alias.  */
| #if defined __stub_pow || defined __stub___pow
| choke me
| #endif
| 
| int
| main ()
| {
| return pow ();
|   ;
|   return 0;
| }
configure:17423: result: no
configure:17423: checking for strerror
configure:17423: gcc -o conftest -g -O2  -I/home/sugar/Developer/radx_build_gcc/include -I/home/sugar/Developer/radx_build_gcc/include -L/home/sugar/Developer/radx_build_gcc/lib -Wl,-rpath,'$$ORIGIN'/radx_runtime_libs:/home/sugar/Developer/radx_build_gcc/lib -L/home/sugar/Developer/radx_build_gcc/lib -L/home/sugar/Developer/radx_build_gcc/lib conftest.c  >&5
configure:17423: $? = 0
configure:17423: result: yes
configure:17551: checking that generated files are newer than configure
configure:17557: result: done
configure:17588: creating ./config.status

## ---------------------- ##
## Running config.status. ##
## ---------------------- ##

This file was extended by radx config.status 1.0, which was
generated by GNU Autoconf 2.69.  Invocation command line was

  CONFIG_FILES    = 
  CONFIG_HEADERS  = 
  CONFIG_LINKS    = 
  CONFIG_COMMANDS = 
  $ ./config.status 

on striges-arch

config.status:1165: creating makefile
config.status:1165: creating apps/makefile
config.status:1165: creating apps/Radx/makefile
config.status:1165: creating apps/Radx/src/makefile
config.status:1165: creating apps/Radx/src/Radx2Grid/makefile
config.status:1165: creating config.h
config.status:1346: config.h is unchanged
config.status:1394: executing depfiles commands
config.status:1394: executing libtool commands

## ---------------- ##
## Cache variables. ##
## ---------------- ##

ac_cv_build=x86_64-unknown-linux-gnu
ac_cv_c_compiler_gnu=yes
ac_cv_c_const=yes
ac_cv_c_inline=inline
ac_cv_cxx_compiler_gnu=yes
ac_cv_env_CCC_set=
ac_cv_env_CCC_value=
ac_cv_env_CC_set=
ac_cv_env_CC_value=
ac_cv_env_CFLAGS_set=
ac_cv_env_CFLAGS_value=
ac_cv_env_CPPFLAGS_set=
ac_cv_env_CPPFLAGS_value=
ac_cv_env_CPP_set=
ac_cv_env_CPP_value=
ac_cv_env_CXXCPP_set=
ac_cv_env_CXXCPP_value=
ac_cv_env_CXXFLAGS_set=set
ac_cv_env_CXXFLAGS_value='-O0 -g -std=c++14'
ac_cv_env_CXX_set=
ac_cv_env_CXX_value=
ac_cv_env_LDFLAGS_set=set
ac_cv_env_LDFLAGS_value='-L/home/sugar/Developer/radx_build_gcc/lib -Wl,-rpath,'\''$$ORIGIN'\''/radx_runtime_libs:/home/sugar/Developer/radx_build_gcc/lib'
ac_cv_env_LIBS_set=
ac_cv_env_LIBS_value=
ac_cv_env_LT_SYS_LIBRARY_PATH_set=
ac_cv_env_LT_SYS_LIBRARY_PATH_value=
ac_cv_env_build_alias_set=
ac_cv_env_build_alias_value=
ac_cv_env_host_alias_set=
ac_cv_env_host_alias_value=
ac_cv_env_target_alias_set=
ac_cv_env_target_alias_value=
ac_cv_func_floor=no
ac_cv_func_gettimeofday=yes
ac_cv_func_lstat_dereferences_slashed_symlink=yes
ac_cv_func_memset=yes
ac_cv_func_modf=yes
ac_cv_func_pow=no
ac_cv_func_stat_empty_string_bug=no
ac_cv_func_strerror=yes
ac_cv_func_utime_null=yes
ac_cv_header_dlfcn_h=yes
ac_cv_header_inttypes_h=yes
ac_cv_header_memory_h=yes
ac_cv_header_stdbool_h=yes
ac_cv_header_stdc=yes
ac_cv_header_stdint_h=yes
ac_cv_header_stdlib_h=yes
ac_cv_header_string_h=yes
ac_cv_header_strings_h=yes
ac_cv_header_sys_stat_h=yes
ac_cv_header_sys_time_h=yes
ac_cv_header_sys_types_h=yes
ac_cv_header_time=yes
ac_cv_header_unistd_h=yes
ac_cv_header_utime_h=yes
ac_cv_host=x86_64-unknown-linux-gnu
ac_cv_objext=o
ac_cv_path_EGREP='/usr/bin/grep -E'
ac_cv_path_FGREP='/usr/bin/grep -F'
ac_cv_path_GREP=/usr/bin/grep
ac_cv_path_SED=/usr/bin/sed
ac_cv_path_install='/usr/bin/install -c'
ac_cv_path_lt_DD=/usr/bin/dd
ac_cv_path_mkdir=/usr/bin/mkdir
ac_cv_prog_AWK=gawk
ac_cv_prog_CPP='gcc -E'
ac_cv_prog_CXXCPP='g++ -E'
ac_cv_prog_ac_ct_AR=ar
ac_cv_prog_ac_ct_CC=gcc
ac_cv_prog_ac_ct_CXX=g++
ac_cv_prog_ac_ct_OBJDUMP=objdump
ac_cv_prog_ac_ct_RANLIB=ranlib
ac_cv_prog_ac_ct_STRIP=strip
ac_cv_prog_cc_c89=
ac_cv_prog_cc_g=yes
ac_cv_prog_cxx_g=yes
ac_cv_prog_make_make_set=yes
ac_cv_struct_tm=time.h
ac_cv_type__Bool=yes
ac_cv_type_size_t=yes
am_cv_CC_dependencies_compiler_type=gcc3
am_cv_CXX_dependencies_compiler_type=gcc3
am_cv_ar_interface=ar
am_cv_make_support_nested_variables=yes
am_cv_prog_cc_c_o=yes
lt_cv_ar_at_file=@
lt_cv_archive_cmds_need_lc=no
lt_cv_deplibs_check_method=pass_all
lt_cv_file_magic_cmd='$MAGIC_CMD'
lt_cv_file_magic_test_file=
lt_cv_ld_reload_flag=-r
lt_cv_nm_interface='BSD nm'
lt_cv_objdir=.libs
lt_cv_path_LD=/usr/bin/ld
lt_cv_path_LDCXX='/usr/bin/ld -m elf_x86_64'
lt_cv_path_NM='/usr/bin/nm -B'
lt_cv_path_mainfest_tool=no
lt_cv_prog_compiler_c_o=yes
lt_cv_prog_compiler_c_o_CXX=yes
lt_cv_prog_compiler_pic='-fPIC -DPIC'
lt_cv_prog_compiler_pic_CXX='-fPIC -DPIC'
lt_cv_prog_compiler_pic_works=yes
lt_cv_prog_compiler_pic_works_CXX=yes
lt_cv_prog_compiler_rtti_exceptions=no
lt_cv_prog_compiler_static_works=yes
lt_cv_prog_compiler_static_works_CXX=yes
lt_cv_prog_gnu_ld=yes
lt_cv_prog_gnu_ldcxx=yes
lt_cv_sharedlib_from_linklib_cmd='printf %s\n'
lt_cv_shlibpath_overrides_runpath=no
lt_cv_sys_global_symbol_pipe='sed -n -e '\''s/^.*[	 ]\([ABCDGIRSTW][ABCDGIRSTW]*\)[	 ][	 ]*\([_A-Za-z][_A-Za-z0-9]*\)$/\1 \2 \2/p'\'' | sed '\''/ __gnu_lto/d'\'''
lt_cv_sys_global_symbol_to_c_name_address='sed -n -e '\''s/^: \(.*\) .*$/  {"\1", (void *) 0},/p'\'' -e '\''s/^[ABCDGIRSTW][ABCDGIRSTW]* .* \(.*\)$/  {"\1", (void *) \&\1},/p'\'''
lt_cv_sys_global_symbol_to_c_name_address_lib_prefix='sed -n -e '\''s/^: \(.*\) .*$/  {"\1", (void *) 0},/p'\'' -e '\''s/^[ABCDGIRSTW][ABCDGIRSTW]* .* \(lib.*\)$/  {"\1", (void *) \&\1},/p'\'' -e '\''s/^[ABCDGIRSTW][ABCDGIRSTW]* .* \(.*\)$/  {"lib\1", (void *) \&\1},/p'\'''
lt_cv_sys_global_symbol_to_cdecl='sed -n -e '\''s/^T .* \(.*\)$/extern int \1();/p'\'' -e '\''s/^[ABCDGIRSTW][ABCDGIRSTW]* .* \(.*\)$/extern char \1;/p'\'''
lt_cv_sys_global_symbol_to_import=
lt_cv_sys_max_cmd_len=1572864
lt_cv_to_host_file_cmd=func_convert_file_noop
lt_cv_to_tool_file_cmd=func_convert_file_noop
lt_cv_truncate_bin='/usr/bin/dd bs=4096 count=1'

## ----------------- ##
## Output variables. ##
## ----------------- ##

ACLOCAL='${SHELL} /home/sugar/Developer/radx2grid/missing aclocal-1.15'
AMDEPBACKSLASH='\'
AMDEP_FALSE='#'
AMDEP_TRUE=''
AMTAR='$${TAR-tar}'
AM_BACKSLASH='\'
AM_DEFAULT_V='$(AM_DEFAULT_VERBOSITY)'
AM_DEFAULT_VERBOSITY='1'
AM_V='$(V)'
AR='ar'
AUTOCONF='${SHELL} /home/sugar/Developer/radx2grid/missing autoconf'
AUTOHEADER='${SHELL} /home/sugar/Developer/radx2grid/missing autoheader'
AUTOMAKE='${SHELL} /home/sugar/Developer/radx2grid/missing automake-1.15'
AWK='gawk'
CC='gcc'
CCDEPMODE='depmode=gcc3'
CFLAGS='-g -O2'
CPP='gcc -E'
CPPFLAGS=' -I/home/sugar/Developer/radx_build_gcc/include -I/home/sugar/Developer/radx_build_gcc/include'
CXX='g++'
CXXCPP='g++ -E'
CXXDEPMODE='depmode=gcc3'
CXXFLAGS='-O0 -g -std=c++14'
CYGPATH_W='echo'
DEFS='-DHAVE_CONFIG_H'
DEPDIR='.deps'
DLLTOOL='false'
DSYMUTIL=''
DUMPBIN=''
ECHO_C=''
ECHO_N='-n'
ECHO_T=''
EGREP='/usr/bin/grep -E'
EXEEXT=''
FGREP='/usr/bin/grep -F'
GREP='/usr/bin/grep'
HDF5DIR='/home/sugar/Developer/radx_build_gcc'
INSTALL_DATA='${INSTALL} -m 644'
INSTALL_PROGRAM='${INSTALL}'
INSTALL_SCRIPT='${INSTALL}'
INSTALL_STRIP_PROGRAM='$(install_sh) -c -s'
LD='/usr/bin/ld -m elf_x86_64'
LDFLAGS='-L/home/sugar/Developer/radx_build_gcc/lib -Wl,-rpath,'\''$$ORIGIN'\''/radx_runtime_libs:/home/sugar/Developer/radx_build_gcc/lib -L/home/sugar/Developer/radx_build_gcc/lib -L/home/sugar/Developer/radx_build_gcc/lib'
LIBOBJS=''
LIBS=''
LIBTOOL='$(SHELL) $(top_builddir)/libtool'
LIPO=''
LN_S='ln -s'
LTLIBOBJS=''
LT_SYS_LIBRARY_PATH=''
MAKEINFO='${SHELL} /home/sugar/Developer/radx2grid/missing makeinfo'
MANIFEST_TOOL=':'
MKDIR_P='/usr/bin/mkdir -p'
NETCDFDIR='/home/sugar/Developer/radx_build_gcc'
NM='/usr/bin/nm -B'
NMEDIT=''
OBJDUMP='objdump'
OBJEXT='o'
OTOOL64=''
OTOOL=''
PACKAGE='radx'
PACKAGE_BUGREPORT='http://www.ral.ucar.edu/projects/titan/docs'
PACKAGE_NAME='radx'
PACKAGE_STRING='radx 1.0'
PACKAGE_TARNAME='radx'
PACKAGE_URL=''
PACKAGE_VERSION='1.0'
PATH_SEPARATOR=':'
RANLIB='ranlib'
SED='/usr/bin/sed'
SET_MAKE=''
SHELL='/bin/sh'
STRIP='strip'
VERSION='1.0'
ac_ct_AR='ar'
ac_ct_CC='gcc'
ac_ct_CXX='g++'
ac_ct_DUMPBIN=''
am__EXEEXT_FALSE=''
am__EXEEXT_TRUE='#'
am__fastdepCC_FALSE='#'
am__fastdepCC_TRUE=''
am__fastdepCXX_FALSE='#'
am__fastdepCXX_TRUE=''
am__include='include'
am__isrc=''
am__leading_dot='.'
am__nodep='_no'
am__quote=''
am__tar='$${TAR-tar} chof - "$$tardir"'
am__untar='$${TAR-tar} xf -'
bindir='${exec_prefix}/bin'
build='x86_64-unknown-linux-gnu'
build_alias=''
build_cpu='x86_64'
build_os='linux-gnu'
build_vendor='unknown'
datadir='${datarootdir}'
datarootdir='${prefix}/share'
docdir='${datarootdir}/doc/${PACKAGE_TARNAME}'
dvidir='${docdir}'
exec_prefix='${prefix}'
host='x86_64-unknown-linux-gnu'
host_alias=''
host_cpu='x86_64'
host_os='linux-gnu'
host_vendor='unknown'
htmldir='${docdir}'
includedir='${prefix}/include'
infodir='${datarootdir}/info'
install_sh='${SHELL} /home/sugar/Developer/radx2grid/install-sh'
libdir='${exec_prefix}/lib'
libexecdir='${exec_prefix}/libexec'
localedir='${datarootdir}/locale'
localstatedir='${prefix}/var'
mandir='${datarootdir}/man'
mkdir_p='$(MKDIR_P)'
oldincludedir='/usr/include'
pdfdir='${docdir}'
prefix='/home/sugar/Developer/radx_build_gcc'
program_transform_name='s,x,x,'
psdir='${docdir}'
sbindir='${exec_prefix}/sbin'
sharedstatedir='${prefix}/com'
sysconfdir='${prefix}/etc'
target_alias=''

## ----------- ##
## confdefs.h. ##
## ----------- ##

/* confdefs.h */
#define PACKAGE_NAME "radx"
#define PACKAGE_TARNAME "radx"
#define PACKAGE_VERSION "1.0"
#define PACKAGE_STRING "radx 1.0"
#define PACKAGE_BUGREPORT "http://www.ral.ucar.edu/projects/titan/docs"
#define PACKAGE_URL ""
#define PACKAGE "radx"
#define VERSION "1.0"
#define STDC_HEADERS 1
#define HAVE_SYS_TYPES_H 1
#define HAVE_SYS_STAT_H 1
#define HAVE_STDLIB_H 1
#define HAVE_STRING_H 1
#define HAVE_MEMORY_H 1
#define HAVE_STRINGS_H 1
#define HAVE_INTTYPES_H 1
#define HAVE_STDINT_H 1
#define HAVE_UNISTD_H 1
#define HAVE_DLFCN_H 1
#define LT_OBJDIR ".libs/"
#define HAVE_SYS_TIME_H 1
#define HAVE__BOOL 1
#define HAVE_STDBOOL_H 1
#define TIME_WITH_SYS_TIME 1
#define STDC_HEADERS 1
#define LSTAT_FOLLOWS_SLASHED_SYMLINK 1
#define HAVE_UTIME_H 1
#define HAVE_UTIME_NULL 1
#define HAVE_GETTIMEOFDAY 1
#define HAVE_MEMSET 1
#define HAVE_MODF 1
#define HAVE_STRERROR 1

configure: exit 0
